{"ts":"2025-08-08T16:24:04.0915074+09:30","mood":7,"energy":7,"focus":7,"note":"","shift":"compassion","sample":"1-minute guided breathing + safety cue","chakra":"","tree":""}
{"ts":"2025-08-08T16:24:08.7123862+09:30","mood":8,"energy":5,"focus":7,"note":"feeling great","shift":"compassion","sample":"1-minute guided breathing + safety cue","chakra":"root,heart,sacral","tree":"yesod,tiferet"}
{"ts":"2025-08-08T16:26:20.3396272+09:30","mood":7,"energy":7,"focus":7,"note":"","shift":"compassion","sample":"1-minute guided breathing + safety cue","chakra":"","tree":"","usedWeights":false}
{"ts":"2025-08-08T16:26:23.5458171+09:30","mood":6,"energy":3,"focus":8,"note":"calm, grateful","shift":"grounded","sample":"Light gratitude + act with intention","chakra":"heart,crown","tree":"","usedWeights":true}
{"ts":"2025-08-08T16:26:27.6726475+09:30","mood":8,"energy":5,"focus":7,"note":"feeling great","shift":"compassion","sample":"1-minute guided breathing + safety cue","chakra":"crown,solar_plexus","tree":"yesod,tiferet","usedWeights":true}
{"ts":"2025-08-08T16:45:57.8145165+09:30","mood":6,"energy":3,"focus":8,"note":"calm, grateful","shift":"grounded","content_id":"grnd_g1","after":"better","chakra":"heart,crown","tree":"malkuth,hod","usedWeights":true}
{"ts":"2025-08-08T16:51:50.1460757+09:30","mood":6,"energy":7,"focus":5,"note":"feeling sexual arousal and desire, lots of energy","shift":"compassion","content_id":"comp_r1","after":"","chakra":"solar_plexus,root","tree":"","usedWeights":true}
{"ts":"2025-08-08T16:52:12.9993394+09:30","mood":3,"energy":3,"focus":6,"note":"worried about rent and bills, job security","shift":"compassion","content_id":"comp_g1","after":"","chakra":"solar_plexus,third_eye","tree":"","usedWeights":true}
{"ts":"2025-08-08T16:52:18.2781892+09:30","mood":3,"energy":3,"focus":6,"note":"worried about rent and bills, job security","shift":"compassion","content_id":"comp_g1","after":"","chakra":"solar_plexus,third_eye","tree":"","usedWeights":true}
{"ts":"2025-08-08T16:57:26.5097828+09:30","mood":3,"energy":3,"focus":3,"note":"","shift":"compassion","content_id":"comp_g2","after":"","chakra":"","tree":"","usedWeights":false}
{"ts":"2025-08-08T16:57:48.1423400+09:30","mood":6,"energy":7,"focus":5,"note":"feeling sexual arousal and desire, lots of energy","shift":"compassion","content_id":"comp_r1","after":"","chakra":"solar_plexus,root","tree":"","usedWeights":true}
{"ts":"2025-08-08T16:58:43.8310318+09:30","mood":3,"energy":3,"focus":6,"note":"worried about rent and bills, job security","shift":"compassion","content_id":"comp_g2","after":"","chakra":"solar_plexus,third_eye","tree":"","usedWeights":true}
{"ts":"2025-08-08T16:59:26.3154790+09:30","mood":6,"energy":4,"focus":8,"note":"need clarity and vision on next steps","shift":"compassion","content_id":"comp_g1","after":"","chakra":"solar_plexus,third_eye","tree":"","usedWeights":true}
{"ts":"2025-08-08T17:14:37.8595032+09:30","mood":7,"energy":7,"focus":7,"note":"","shift":"compassion","content_id":"comp_g1","after":"","chakra":"","tree":"","usedWeights":false}
{"ts":"2025-08-08T17:15:20.3320886+09:30","mood":6,"energy":7,"focus":5,"note":"feeling sexual arousal and desire, lots of energy","shift":"compassion","content_id":"comp_r1","after":"","chakra":"solar_plexus,root","tree":"","usedWeights":true}
{"ts":"2025-08-08T17:15:23.4810457+09:30","mood":3,"energy":3,"focus":6,"note":"worried about rent and bills, job security","shift":"compassion","content_id":"comp_g2","after":"","chakra":"solar_plexus,third_eye","tree":"","usedWeights":true}
{"ts":"2025-08-08T17:15:26.3932470+09:30","mood":6,"energy":4,"focus":8,"note":"need clarity and vision on next steps","shift":"compassion","content_id":"comp_g1","after":"","chakra":"solar_plexus,third_eye","tree":"","usedWeights":true}
{"ts":"2025-08-08T17:23:13.8150338+09:30","mood":6,"energy":7,"focus":5,"note":"feeling sexual arousal and desire, lots of energy","shift":"compassion","content_id":"comp_s1","after":"","chakra":"sacral,solar_plexus","tree":"","usedWeights":true}
{"ts":"2025-08-08T17:29:11.6561537+09:30","mood":6,"energy":7,"focus":5,"note":"feeling sexual arousal and desire, lots of energy","shift":"compassion","content_id":"comp_s1","after":"","chakra":"sacral,solar_plexus","tree":"","usedWeights":true}
{"ts":"2025-08-08T17:29:14.5332481+09:30","mood":6,"energy":7,"focus":5,"note":"feeling sexual arousal and desire, lots of energy","shift":"compassion","content_id":"comp_s1","after":"","chakra":"sacral,solar_plexus","tree":"","usedWeights":true}
{"ts":"2025-08-08T17:29:19.3615726+09:30","mood":6,"energy":7,"focus":5,"note":"feeling sexual arousal and desire, lots of energy","shift":"compassion","content_id":"comp_s1","after":"","chakra":"sacral,solar_plexus","tree":"","usedWeights":true}
{"ts":"2025-08-08T17:32:24.5154913+09:30","mood":6,"energy":7,"focus":5,"note":"feeling sexual arousal and desire, lots of energy","shift":"compassion","content_id":"comp_s1","after":"","chakra":"sacral,solar_plexus","tree":"","usedWeights":true}
{"ts":"2025-08-08T17:32:26.5586374+09:30","mood":6,"energy":7,"focus":5,"note":"feeling sexual arousal and desire, lots of energy","shift":"compassion","content_id":"comp_s1","after":"","chakra":"sacral,solar_plexus","tree":"","usedWeights":true}
{"ts":"2025-08-08T17:32:34.8108498+09:30","mood":6,"energy":7,"focus":5,"note":"feeling sexual arousal and desire, lots of energy","shift":"compassion","content_id":"comp_s1","after":"","chakra":"sacral,solar_plexus","tree":"","usedWeights":true}
